<?xml version="1.0" encoding="UTF-8"?>
<testsuite xmlns:xsi="http://www.w3.org/2001/XMLSchema-instance" xsi:noNamespaceSchemaLocation="https://maven.apache.org/surefire/maven-surefire-plugin/xsd/surefire-test-report-3.0.xsd" version="3.0" name="TTT.TestTTT" time="0.052" tests="8" errors="0" skipped="0" failures="0">
  <properties>
    <property name="java.specification.version" value="17"/>
    <property name="sun.jnu.encoding" value="UTF-8"/>
    <property name="java.class.path" value="/home/thedizzle69/BIC3_Projects/JMS_Test/RetroRealmTTT/target/test-classes:/home/thedizzle69/BIC3_Projects/JMS_Test/RetroRealmTTT/target/classes:/home/thedizzle69/.m2/repository/junit/junit/4.13.1/junit-4.13.1.jar:/home/thedizzle69/.m2/repository/org/hamcrest/hamcrest-core/1.3/hamcrest-core-1.3.jar:/home/thedizzle69/.m2/repository/org/junit/jupiter/junit-jupiter-api/5.9.2/junit-jupiter-api-5.9.2.jar:/home/thedizzle69/.m2/repository/org/opentest4j/opentest4j/1.2.0/opentest4j-1.2.0.jar:/home/thedizzle69/.m2/repository/org/junit/platform/junit-platform-commons/1.9.2/junit-platform-commons-1.9.2.jar:/home/thedizzle69/.m2/repository/org/apiguardian/apiguardian-api/1.1.2/apiguardian-api-1.1.2.jar:"/>
    <property name="java.vm.vendor" value="Amazon.com Inc."/>
    <property name="sun.arch.data.model" value="64"/>
    <property name="java.vendor.url" value="https://aws.amazon.com/corretto/"/>
    <property name="os.name" value="Linux"/>
    <property name="java.vm.specification.version" value="17"/>
    <property name="sun.java.launcher" value="SUN_STANDARD"/>
    <property name="user.country" value="AT"/>
    <property name="sun.boot.library.path" value="/home/thedizzle69/ODE/amazon-corretto-17.0.9.8.1-linux-x64/lib"/>
    <property name="sun.java.command" value="/home/thedizzle69/BIC3_Projects/JMS_Test/RetroRealmTTT/target/surefire/surefirebooter-20240108192311808_3.jar /home/thedizzle69/BIC3_Projects/JMS_Test/RetroRealmTTT/target/surefire 2024-01-08T19-23-10_470-jvmRun1 surefire-20240108192311808_1tmp surefire_0-20240108192311808_2tmp"/>
    <property name="jdk.debug" value="release"/>
    <property name="surefire.test.class.path" value="/home/thedizzle69/BIC3_Projects/JMS_Test/RetroRealmTTT/target/test-classes:/home/thedizzle69/BIC3_Projects/JMS_Test/RetroRealmTTT/target/classes:/home/thedizzle69/.m2/repository/junit/junit/4.13.1/junit-4.13.1.jar:/home/thedizzle69/.m2/repository/org/hamcrest/hamcrest-core/1.3/hamcrest-core-1.3.jar:/home/thedizzle69/.m2/repository/org/junit/jupiter/junit-jupiter-api/5.9.2/junit-jupiter-api-5.9.2.jar:/home/thedizzle69/.m2/repository/org/opentest4j/opentest4j/1.2.0/opentest4j-1.2.0.jar:/home/thedizzle69/.m2/repository/org/junit/platform/junit-platform-commons/1.9.2/junit-platform-commons-1.9.2.jar:/home/thedizzle69/.m2/repository/org/apiguardian/apiguardian-api/1.1.2/apiguardian-api-1.1.2.jar:"/>
    <property name="sun.cpu.endian" value="little"/>
    <property name="user.home" value="/home/thedizzle69"/>
    <property name="user.language" value="de"/>
    <property name="java.specification.vendor" value="Oracle Corporation"/>
    <property name="java.version.date" value="2023-10-17"/>
    <property name="java.home" value="/home/thedizzle69/ODE/amazon-corretto-17.0.9.8.1-linux-x64"/>
    <property name="file.separator" value="/"/>
    <property name="basedir" value="/home/thedizzle69/BIC3_Projects/JMS_Test/RetroRealmTTT"/>
    <property name="java.vm.compressedOopsMode" value="Zero based"/>
    <property name="line.separator" value="&#10;"/>
    <property name="java.vm.specification.vendor" value="Oracle Corporation"/>
    <property name="java.specification.name" value="Java Platform API Specification"/>
    <property name="surefire.real.class.path" value="/home/thedizzle69/BIC3_Projects/JMS_Test/RetroRealmTTT/target/surefire/surefirebooter-20240108192311808_3.jar"/>
    <property name="sun.management.compiler" value="HotSpot 64-Bit Tiered Compilers"/>
    <property name="java.runtime.version" value="17.0.9+8-LTS"/>
    <property name="user.name" value="thedizzle69"/>
    <property name="path.separator" value=":"/>
    <property name="os.version" value="6.2.0-39-generic"/>
    <property name="java.runtime.name" value="OpenJDK Runtime Environment"/>
    <property name="file.encoding" value="UTF-8"/>
    <property name="java.vm.name" value="OpenJDK 64-Bit Server VM"/>
    <property name="java.vendor.version" value="Corretto-17.0.9.8.1"/>
    <property name="localRepository" value="/home/thedizzle69/.m2/repository"/>
    <property name="java.vendor.url.bug" value="https://github.com/corretto/corretto-17/issues/"/>
    <property name="java.io.tmpdir" value="/tmp"/>
    <property name="java.version" value="17.0.9"/>
    <property name="user.dir" value="/home/thedizzle69/BIC3_Projects/JMS_Test/RetroRealmTTT"/>
    <property name="os.arch" value="amd64"/>
    <property name="java.vm.specification.name" value="Java Virtual Machine Specification"/>
    <property name="native.encoding" value="UTF-8"/>
    <property name="java.library.path" value="/usr/java/packages/lib:/usr/lib64:/lib64:/lib:/usr/lib"/>
    <property name="java.vm.info" value="mixed mode, sharing"/>
    <property name="java.vendor" value="Amazon.com Inc."/>
    <property name="java.vm.version" value="17.0.9+8-LTS"/>
    <property name="sun.io.unicode.encoding" value="UnicodeLittle"/>
    <property name="java.class.version" value="61.0"/>
  </properties>
  <testcase name="testColumnWin" classname="TTT.TestTTT" time="0.02"/>
  <testcase name="testNoWin" classname="TTT.TestTTT" time="0.002"/>
  <testcase name="testIsBoardFull" classname="TTT.TestTTT" time="0.001"/>
  <testcase name="testPrintBoard" classname="TTT.TestTTT" time="0.008"/>
  <testcase name="testInitializeBoard" classname="TTT.TestTTT" time="0.001"/>
  <testcase name="testDiagonalWin" classname="TTT.TestTTT" time="0.001"/>
  <testcase name="testMakeMove" classname="TTT.TestTTT" time="0.001"/>
  <testcase name="testRowWin" classname="TTT.TestTTT" time="0.001"/>
</testsuite>